<?xml version="1.0" encoding="UTF-8"?>
<testng-results ignored="0" total="1" passed="1" failed="0" skipped="0">
  <reporter-output>
  </reporter-output>
  <suite started-at="2020-11-25T21:43:19 EST" name="Default suite" finished-at="2020-11-25T21:43:51 EST" duration-ms="32726">
    <groups>
    </groups>
    <test started-at="2020-11-25T21:43:19 EST" name="Default test" finished-at="2020-11-25T21:43:51 EST" duration-ms="32726">
      <class name="com.testexecution.SmokeTestWithTestTestNG">
        <test-method is-config="true" signature="getDriverSetup()[pri:0, instance:com.testexecution.SmokeTestWithTestTestNG@1d8bd0de]" started-at="2020-11-25T21:43:19 EST" name="getDriverSetup" finished-at="2020-11-25T21:43:27 EST" duration-ms="8443" status="PASS">
          <reporter-output>
          </reporter-output>
        </test-method> <!-- getDriverSetup -->
        <test-method signature="getTest()[pri:0, instance:com.testexecution.SmokeTestWithTestTestNG@1d8bd0de]" started-at="2020-11-25T21:43:27 EST" name="getTest" finished-at="2020-11-25T21:43:51 EST" duration-ms="23486" status="PASS">
          <reporter-output>
          </reporter-output>
        </test-method> <!-- getTest -->
        <test-method is-config="true" signature="getClose()[pri:0, instance:com.testexecution.SmokeTestWithTestTestNG@1d8bd0de]" started-at="2020-11-25T21:43:51 EST" name="getClose" finished-at="2020-11-25T21:43:51 EST" duration-ms="718" status="PASS">
          <reporter-output>
          </reporter-output>
        </test-method> <!-- getClose -->
      </class> <!-- com.testexecution.SmokeTestWithTestTestNG -->
    </test> <!-- Default test -->
  </suite> <!-- Default suite -->
</testng-results>
